<?xml version="1.0" encoding="UTF-8" ?>
<testsuite tests="28" failures="0" name="edu.stanford.nlp.stats.CountersTest" time="0.017" errors="0" skipped="0">
  <properties>
    <property name="java.runtime.name" value="Java(TM) SE Runtime Environment"/>
    <property name="java.vm.version" value="12+33"/>
    <property name="sun.boot.library.path" value="C:\Program Files\Java\jdk-12\bin"/>
    <property name="maven.multiModuleProjectDirectory" value="C:/Users/ddehun/Desktop/ass2/CoreNLP"/>
    <property name="java.vm.vendor" value="Oracle Corporation"/>
    <property name="java.vendor.url" value="https://java.oracle.com/"/>
    <property name="guice.disable.misplaced.annotation.check" value="true"/>
    <property name="path.separator" value=";"/>
    <property name="java.vm.name" value="Java HotSpot(TM) 64-Bit Server VM"/>
    <property name="sun.os.patch.level" value=""/>
    <property name="user.script" value=""/>
    <property name="user.country" value="KR"/>
    <property name="sun.java.launcher" value="SUN_STANDARD"/>
    <property name="java.vm.specification.name" value="Java Virtual Machine Specification"/>
    <property name="user.dir" value="C:\Users\ddehun\Desktop\ass2\CoreNLP"/>
    <property name="java.vm.compressedOopsMode" value="Zero based"/>
    <property name="java.runtime.version" value="12+33"/>
    <property name="java.awt.graphicsenv" value="sun.awt.Win32GraphicsEnvironment"/>
    <property name="os.arch" value="amd64"/>
    <property name="java.io.tmpdir" value="C:\Users\ddehun\AppData\Local\Temp\"/>
    <property name="line.separator" value="
"/>
    <property name="java.vm.specification.vendor" value="Oracle Corporation"/>
    <property name="user.variant" value=""/>
    <property name="os.name" value="Windows 10"/>
    <property name="classworlds.conf" value="C:/apache-maven-3.6.0/bin/m2.conf"/>
    <property name="sun.jnu.encoding" value="MS949"/>
    <property name="java.library.path" value="C:\Program Files\Java\jdk-12\bin;C:\WINDOWS\Sun\Java\bin;C:\WINDOWS\system32;C:\WINDOWS;C:\Users\ddehun\bin;C:\Program Files\Git\mingw64\bin;C:\Program Files\Git\usr\local\bin;C:\Program Files\Git\usr\bin;C:\Program Files\Git\usr\bin;C:\Program Files\Git\mingw64\bin;C:\Program Files\Git\usr\bin;C:\Users\ddehun\bin;C:\Program Files (x86)\Common Files\Oracle\Java\javapath;C:\Program Files\NVIDIA GPU Computing Toolkit\CUDA\v9.0\bin;C:\Program Files\NVIDIA GPU Computing Toolkit\CUDA\v9.0\libnvvp;C:\Windows\system32;C:\Windows;C:\Windows\System32\Wbem;C:\Windows\System32\WindowsPowerShell\v1.0;C:\Program Files\PuTTY;C:\Program Files (x86)\NVIDIA Corporation\PhysX\Common;C:\Program Files\Git\cmd;C:\WINDOWS\system32;C:\WINDOWS;C:\WINDOWS\System32\Wbem;C:\WINDOWS\System32\WindowsPowerShell\v1.0;C:\WINDOWS\System32\OpenSSH;C:\gradle\gradle-5.3.1\bin;C:\Program Files\Java\jdk-12\bin;C:\apache-maven-3.6.0\bin;C:\apache-ant-1.10.5\bin;C:\Users\ddehun\AppData\Local\Microsoft\WindowsApps;C:\Program Files\Bandizip;C:\Program Files (x86)\Java\jre1.8.0_171\bin;C:\Program Files\MongoDB\Server\4.0\bin;C:\Program Files\Git\usr\bin\vendor_perl;C:\Program Files\Git\usr\bin\core_perl;."/>
    <property name="maven.conf" value="C:/apache-maven-3.6.0/conf"/>
    <property name="jdk.debug" value="release"/>
    <property name="java.class.version" value="56.0"/>
    <property name="java.specification.name" value="Java Platform API Specification"/>
    <property name="sun.management.compiler" value="HotSpot 64-Bit Tiered Compilers"/>
    <property name="os.version" value="10.0"/>
    <property name="library.jansi.path" value="C:/apache-maven-3.6.0/lib/jansi-native"/>
    <property name="user.home" value="C:\Users\ddehun"/>
    <property name="user.timezone" value="Asia/Seoul"/>
    <property name="file.encoding" value="UTF-8"/>
    <property name="java.specification.version" value="12"/>
    <property name="user.name" value="ddehun"/>
    <property name="java.class.path" value="C:/apache-maven-3.6.0/boot/plexus-classworlds-2.5.2.jar"/>
    <property name="java.vm.specification.version" value="12"/>
    <property name="sun.arch.data.model" value="64"/>
    <property name="sun.java.command" value="org.codehaus.plexus.classworlds.launcher.Launcher clean install -U"/>
    <property name="java.home" value="C:\Program Files\Java\jdk-12"/>
    <property name="user.language" value="ko"/>
    <property name="java.specification.vendor" value="Oracle Corporation"/>
    <property name="awt.toolkit" value="sun.awt.windows.WToolkit"/>
    <property name="java.vm.info" value="mixed mode, sharing"/>
    <property name="java.version" value="12"/>
    <property name="java.vendor" value="Oracle Corporation"/>
    <property name="maven.home" value="C:\apache-maven-3.6.0"/>
    <property name="file.separator" value="\"/>
    <property name="java.version.date" value="2019-03-19"/>
    <property name="java.vendor.url.bug" value="https://bugreport.java.com/bugreport/"/>
    <property name="sun.io.unicode.encoding" value="UnicodeLittle"/>
    <property name="sun.cpu.endian" value="little"/>
    <property name="sun.desktop" value="windows"/>
    <property name="sun.cpu.isalist" value="amd64"/>
  </properties>
  <testcase classname="edu.stanford.nlp.stats.CountersTest" name="testRetainAbove" time="0"/>
  <testcase classname="edu.stanford.nlp.stats.CountersTest" name="testAbsoluteDifference" time="0"/>
  <testcase classname="edu.stanford.nlp.stats.CountersTest" name="testSerialization" time="0"/>
  <testcase classname="edu.stanford.nlp.stats.CountersTest" name="testMin" time="0"/>
  <testcase classname="edu.stanford.nlp.stats.CountersTest" name="testToSortedList" time="0"/>
  <testcase classname="edu.stanford.nlp.stats.CountersTest" name="testToSortedString" time="0"/>
  <testcase classname="edu.stanford.nlp.stats.CountersTest" name="testUnion" time="0"/>
  <testcase classname="edu.stanford.nlp.stats.CountersTest" name="testFlatten" time="0"/>
  <testcase classname="edu.stanford.nlp.stats.CountersTest" name="testJensenShannonDivergence" time="0"/>
  <testcase classname="edu.stanford.nlp.stats.CountersTest" name="testRetainTop" time="0"/>
  <testcase classname="edu.stanford.nlp.stats.CountersTest" name="testProduct" time="0"/>
  <testcase classname="edu.stanford.nlp.stats.CountersTest" name="testLogNormalize" time="0"/>
  <testcase classname="edu.stanford.nlp.stats.CountersTest" name="testL2Normalize" time="0"/>
  <testcase classname="edu.stanford.nlp.stats.CountersTest" name="testDotProduct" time="0"/>
  <testcase classname="edu.stanford.nlp.stats.CountersTest" name="testAddInPlaceCollection" time="0"/>
  <testcase classname="edu.stanford.nlp.stats.CountersTest" name="testToTiedRankCounter" time="0"/>
  <testcase classname="edu.stanford.nlp.stats.CountersTest" name="testRemoveKeys" time="0"/>
  <testcase classname="edu.stanford.nlp.stats.CountersTest" name="testPearsonsCorrelationCoefficient" time="0"/>
  <testcase classname="edu.stanford.nlp.stats.CountersTest" name="testIntersection" time="0"/>
  <testcase classname="edu.stanford.nlp.stats.CountersTest" name="testArgmin" time="0"/>
  <testcase classname="edu.stanford.nlp.stats.CountersTest" name="testRetainTopMass" time="0"/>
  <testcase classname="edu.stanford.nlp.stats.CountersTest" name="testSerializeStringCounter" time="0.014"/>
  <testcase classname="edu.stanford.nlp.stats.CountersTest" name="testEquals" time="0"/>
  <testcase classname="edu.stanford.nlp.stats.CountersTest" name="testHIndex" time="0"/>
  <testcase classname="edu.stanford.nlp.stats.CountersTest" name="testDivideInPlace" time="0.002"/>
  <testcase classname="edu.stanford.nlp.stats.CountersTest" name="testL2Norm" time="0"/>
  <testcase classname="edu.stanford.nlp.stats.CountersTest" name="testTransformWithValuesAdd" time="0.001"/>
  <testcase classname="edu.stanford.nlp.stats.CountersTest" name="testPointwiseMutualInformation" time="0"/>
</testsuite>