<?xml version="1.0" encoding="UTF-8" ?>
<testsuite tests="66" failures="0" name="edu.stanford.nlp.naturalli.RelationTripleSegmenterTest" time="0.277" errors="0" skipped="0">
  <properties>
    <property name="java.runtime.name" value="Java(TM) SE Runtime Environment"/>
    <property name="java.vm.version" value="12+33"/>
    <property name="sun.boot.library.path" value="C:\Program Files\Java\jdk-12\bin"/>
    <property name="maven.multiModuleProjectDirectory" value="C:/Users/ddehun/Desktop/ass2/CoreNLP"/>
    <property name="java.vm.vendor" value="Oracle Corporation"/>
    <property name="java.vendor.url" value="https://java.oracle.com/"/>
    <property name="guice.disable.misplaced.annotation.check" value="true"/>
    <property name="path.separator" value=";"/>
    <property name="java.vm.name" value="Java HotSpot(TM) 64-Bit Server VM"/>
    <property name="sun.os.patch.level" value=""/>
    <property name="user.script" value=""/>
    <property name="user.country" value="KR"/>
    <property name="sun.java.launcher" value="SUN_STANDARD"/>
    <property name="java.vm.specification.name" value="Java Virtual Machine Specification"/>
    <property name="user.dir" value="C:\Users\ddehun\Desktop\ass2\CoreNLP"/>
    <property name="java.vm.compressedOopsMode" value="Zero based"/>
    <property name="java.runtime.version" value="12+33"/>
    <property name="java.awt.graphicsenv" value="sun.awt.Win32GraphicsEnvironment"/>
    <property name="os.arch" value="amd64"/>
    <property name="java.io.tmpdir" value="C:\Users\ddehun\AppData\Local\Temp\"/>
    <property name="line.separator" value="
"/>
    <property name="java.vm.specification.vendor" value="Oracle Corporation"/>
    <property name="user.variant" value=""/>
    <property name="os.name" value="Windows 10"/>
    <property name="classworlds.conf" value="C:/apache-maven-3.6.0/bin/m2.conf"/>
    <property name="sun.jnu.encoding" value="MS949"/>
    <property name="java.library.path" value="C:\Program Files\Java\jdk-12\bin;C:\WINDOWS\Sun\Java\bin;C:\WINDOWS\system32;C:\WINDOWS;C:\Users\ddehun\bin;C:\Program Files\Git\mingw64\bin;C:\Program Files\Git\usr\local\bin;C:\Program Files\Git\usr\bin;C:\Program Files\Git\usr\bin;C:\Program Files\Git\mingw64\bin;C:\Program Files\Git\usr\bin;C:\Users\ddehun\bin;C:\Program Files (x86)\Common Files\Oracle\Java\javapath;C:\Program Files\NVIDIA GPU Computing Toolkit\CUDA\v9.0\bin;C:\Program Files\NVIDIA GPU Computing Toolkit\CUDA\v9.0\libnvvp;C:\Windows\system32;C:\Windows;C:\Windows\System32\Wbem;C:\Windows\System32\WindowsPowerShell\v1.0;C:\Program Files\PuTTY;C:\Program Files (x86)\NVIDIA Corporation\PhysX\Common;C:\Program Files\Git\cmd;C:\WINDOWS\system32;C:\WINDOWS;C:\WINDOWS\System32\Wbem;C:\WINDOWS\System32\WindowsPowerShell\v1.0;C:\WINDOWS\System32\OpenSSH;C:\gradle\gradle-5.3.1\bin;C:\Program Files\Java\jdk-12\bin;C:\apache-maven-3.6.0\bin;C:\apache-ant-1.10.5\bin;C:\Users\ddehun\AppData\Local\Microsoft\WindowsApps;C:\Program Files\Bandizip;C:\Program Files (x86)\Java\jre1.8.0_171\bin;C:\Program Files\MongoDB\Server\4.0\bin;C:\Program Files\Git\usr\bin\vendor_perl;C:\Program Files\Git\usr\bin\core_perl;."/>
    <property name="maven.conf" value="C:/apache-maven-3.6.0/conf"/>
    <property name="jdk.debug" value="release"/>
    <property name="java.class.version" value="56.0"/>
    <property name="java.specification.name" value="Java Platform API Specification"/>
    <property name="sun.management.compiler" value="HotSpot 64-Bit Tiered Compilers"/>
    <property name="os.version" value="10.0"/>
    <property name="library.jansi.path" value="C:/apache-maven-3.6.0/lib/jansi-native"/>
    <property name="user.home" value="C:\Users\ddehun"/>
    <property name="user.timezone" value="Asia/Seoul"/>
    <property name="file.encoding" value="UTF-8"/>
    <property name="java.specification.version" value="12"/>
    <property name="user.name" value="ddehun"/>
    <property name="java.class.path" value="C:/apache-maven-3.6.0/boot/plexus-classworlds-2.5.2.jar"/>
    <property name="java.vm.specification.version" value="12"/>
    <property name="sun.arch.data.model" value="64"/>
    <property name="sun.java.command" value="org.codehaus.plexus.classworlds.launcher.Launcher clean install -U"/>
    <property name="java.home" value="C:\Program Files\Java\jdk-12"/>
    <property name="user.language" value="ko"/>
    <property name="java.specification.vendor" value="Oracle Corporation"/>
    <property name="awt.toolkit" value="sun.awt.windows.WToolkit"/>
    <property name="java.vm.info" value="mixed mode, sharing"/>
    <property name="java.version" value="12"/>
    <property name="java.vendor" value="Oracle Corporation"/>
    <property name="maven.home" value="C:\apache-maven-3.6.0"/>
    <property name="file.separator" value="\"/>
    <property name="java.version.date" value="2019-03-19"/>
    <property name="java.vendor.url.bug" value="https://bugreport.java.com/bugreport/"/>
    <property name="sun.io.unicode.encoding" value="UnicodeLittle"/>
    <property name="sun.cpu.endian" value="little"/>
    <property name="sun.desktop" value="windows"/>
    <property name="sun.cpu.isalist" value="amd64"/>
  </properties>
  <testcase classname="edu.stanford.nlp.naturalli.RelationTripleSegmenterTest" name="testSameSemanticsForDifferentWordOrder" time="0"/>
  <testcase classname="edu.stanford.nlp.naturalli.RelationTripleSegmenterTest" name="testObamaBornInRegression" time="0.017"/>
  <testcase classname="edu.stanford.nlp.naturalli.RelationTripleSegmenterTest" name="testToSentenceOutOfOrder" time="0.001"/>
  <testcase classname="edu.stanford.nlp.naturalli.RelationTripleSegmenterTest" name="testOfWhich" time="0.003"/>
  <testcase classname="edu.stanford.nlp.naturalli.RelationTripleSegmenterTest" name="testToSentenceNoIndices" time="0.001"/>
  <testcase classname="edu.stanford.nlp.naturalli.RelationTripleSegmenterTest" name="testPassiveReflexive" time="0.003"/>
  <testcase classname="edu.stanford.nlp.naturalli.RelationTripleSegmenterTest" name="testPossessiveNoNER" time="0.014"/>
  <testcase classname="edu.stanford.nlp.naturalli.RelationTripleSegmenterTest" name="testPossessiveWithObject" time="0.006"/>
  <testcase classname="edu.stanford.nlp.naturalli.RelationTripleSegmenterTest" name="testGeorgeBoydRegression" time="0.003"/>
  <testcase classname="edu.stanford.nlp.naturalli.RelationTripleSegmenterTest" name="testHeWasInaugurated" time="0.003"/>
  <testcase classname="edu.stanford.nlp.naturalli.RelationTripleSegmenterTest" name="testAdvObjectPassive" time="0.003"/>
  <testcase classname="edu.stanford.nlp.naturalli.RelationTripleSegmenterTest" name="testAclNoPP" time="0.004"/>
  <testcase classname="edu.stanford.nlp.naturalli.RelationTripleSegmenterTest" name="testMyCatsPlayWithYarn" time="0.001"/>
  <testcase classname="edu.stanford.nlp.naturalli.RelationTripleSegmenterTest" name="testChrisManningOfStanfordLong" time="0.005"/>
  <testcase classname="edu.stanford.nlp.naturalli.RelationTripleSegmenterTest" name="testUSsAllyBritain" time="0.012"/>
  <testcase classname="edu.stanford.nlp.naturalli.RelationTripleSegmenterTest" name="testAcl" time="0.002"/>
  <testcase classname="edu.stanford.nlp.naturalli.RelationTripleSegmenterTest" name="testVBG" time="0.003"/>
  <testcase classname="edu.stanford.nlp.naturalli.RelationTripleSegmenterTest" name="testFishLikeToSwim" time="0.001"/>
  <testcase classname="edu.stanford.nlp.naturalli.RelationTripleSegmenterTest" name="testPPAttachmentTwo" time="0.002"/>
  <testcase classname="edu.stanford.nlp.naturalli.RelationTripleSegmenterTest" name="testObjInRelation" time="0.007"/>
  <testcase classname="edu.stanford.nlp.naturalli.RelationTripleSegmenterTest" name="testXComp" time="0.002"/>
  <testcase classname="edu.stanford.nlp.naturalli.RelationTripleSegmenterTest" name="testApposInObject" time="0.002"/>
  <testcase classname="edu.stanford.nlp.naturalli.RelationTripleSegmenterTest" name="testDogsInheaven" time="0.006"/>
  <testcase classname="edu.stanford.nlp.naturalli.RelationTripleSegmenterTest" name="testPPExtraction" time="0.02"/>
  <testcase classname="edu.stanford.nlp.naturalli.RelationTripleSegmenterTest" name="testObamaPresidentOfRegressionFull" time="0.002"/>
  <testcase classname="edu.stanford.nlp.naturalli.RelationTripleSegmenterTest" name="testObamaPresidentOfRegression" time="0.003"/>
  <testcase classname="edu.stanford.nlp.naturalli.RelationTripleSegmenterTest" name="testWh" time="0.005"/>
  <testcase classname="edu.stanford.nlp.naturalli.RelationTripleSegmenterTest" name="testVPOnlyReplacedWith" time="0.002"/>
  <testcase classname="edu.stanford.nlp.naturalli.RelationTripleSegmenterTest" name="testThereAreWith" time="0.005"/>
  <testcase classname="edu.stanford.nlp.naturalli.RelationTripleSegmenterTest" name="testVBGCollapsed" time="0.003"/>
  <testcase classname="edu.stanford.nlp.naturalli.RelationTripleSegmenterTest" name="testUSPresidentObama1" time="0.007"/>
  <testcase classname="edu.stanford.nlp.naturalli.RelationTripleSegmenterTest" name="testUSPresidentObama2" time="0.005"/>
  <testcase classname="edu.stanford.nlp.naturalli.RelationTripleSegmenterTest" name="testAdvObject" time="0.003"/>
  <testcase classname="edu.stanford.nlp.naturalli.RelationTripleSegmenterTest" name="testThrowAway" time="0.002"/>
  <testcase classname="edu.stanford.nlp.naturalli.RelationTripleSegmenterTest" name="testUSAllyBritain" time="0.005"/>
  <testcase classname="edu.stanford.nlp.naturalli.RelationTripleSegmenterTest" name="testToSentenceInOrder" time="0.001"/>
  <testcase classname="edu.stanford.nlp.naturalli.RelationTripleSegmenterTest" name="testCatsHaveTails" time="0.005"/>
  <testcase classname="edu.stanford.nlp.naturalli.RelationTripleSegmenterTest" name="testGlosses" time="0"/>
  <testcase classname="edu.stanford.nlp.naturalli.RelationTripleSegmenterTest" name="testChrisIsOfStanford" time="0.005"/>
  <testcase classname="edu.stanford.nlp.naturalli.RelationTripleSegmenterTest" name="testBlueCatsPlayWithYarn" time="0.001"/>
  <testcase classname="edu.stanford.nlp.naturalli.RelationTripleSegmenterTest" name="testReflexive" time="0.001"/>
  <testcase classname="edu.stanford.nlp.naturalli.RelationTripleSegmenterTest" name="testPossessiveInEntity" time="0.002"/>
  <testcase classname="edu.stanford.nlp.naturalli.RelationTripleSegmenterTest" name="testThereAreIn" time="0.004"/>
  <testcase classname="edu.stanford.nlp.naturalli.RelationTripleSegmenterTest" name="testStateOfTheUnion" time="0.004"/>
  <testcase classname="edu.stanford.nlp.naturalli.RelationTripleSegmenterTest" name="testMassOfIron" time="0.002"/>
  <testcase classname="edu.stanford.nlp.naturalli.RelationTripleSegmenterTest" name="testPassiveNSubj" time="0.003"/>
  <testcase classname="edu.stanford.nlp.naturalli.RelationTripleSegmenterTest" name="testCatsAreCute" time="0.001"/>
  <testcase classname="edu.stanford.nlp.naturalli.RelationTripleSegmenterTest" name="testNmodTmod" time="0.001"/>
  <testcase classname="edu.stanford.nlp.naturalli.RelationTripleSegmenterTest" name="testCompoundPossessive" time="0.011"/>
  <testcase classname="edu.stanford.nlp.naturalli.RelationTripleSegmenterTest" name="testPossessive" time="0.006"/>
  <testcase classname="edu.stanford.nlp.naturalli.RelationTripleSegmenterTest" name="testPPAttachment" time="0.002"/>
  <testcase classname="edu.stanford.nlp.naturalli.RelationTripleSegmenterTest" name="testAmericanActorChrisPratt" time="0.013"/>
  <testcase classname="edu.stanford.nlp.naturalli.RelationTripleSegmenterTest" name="testChrisManningOfStanford" time="0.004"/>
  <testcase classname="edu.stanford.nlp.naturalli.RelationTripleSegmenterTest" name="testrabbitsEatVegetables" time="0.002"/>
  <testcase classname="edu.stanford.nlp.naturalli.RelationTripleSegmenterTest" name="testAllNominals" time="0.012"/>
  <testcase classname="edu.stanford.nlp.naturalli.RelationTripleSegmenterTest" name="testFishLikeToSwimAlternateParse" time="0.002"/>
  <testcase classname="edu.stanford.nlp.naturalli.RelationTripleSegmenterTest" name="testBlueCatsPlayQuietlyWithYarn" time="0.002"/>
  <testcase classname="edu.stanford.nlp.naturalli.RelationTripleSegmenterTest" name="testApposAsSubj" time="0.004"/>
  <testcase classname="edu.stanford.nlp.naturalli.RelationTripleSegmenterTest" name="testPresidentObama" time="0.003"/>
  <testcase classname="edu.stanford.nlp.naturalli.RelationTripleSegmenterTest" name="testThereAreVBing" time="0.002"/>
  <testcase classname="edu.stanford.nlp.naturalli.RelationTripleSegmenterTest" name="testUSPresidentObama" time="0.007"/>
  <testcase classname="edu.stanford.nlp.naturalli.RelationTripleSegmenterTest" name="testIAmInFlorida" time="0.002"/>
  <testcase classname="edu.stanford.nlp.naturalli.RelationTripleSegmenterTest" name="testAclWithPP" time="0.002"/>
  <testcase classname="edu.stanford.nlp.naturalli.RelationTripleSegmenterTest" name="testCommaDoesntOvergenerate" time="0.007"/>
  <testcase classname="edu.stanford.nlp.naturalli.RelationTripleSegmenterTest" name="testPropagateCSubj" time="0.001"/>
  <testcase classname="edu.stanford.nlp.naturalli.RelationTripleSegmenterTest" name="testAclWithAdverb" time="0.002"/>
</testsuite>